mode: set
tech-feed-weekly/internal/config/config.go:22.75,25.87 2 1
tech-feed-weekly/internal/config/config.go:25.87,26.17 1 1
tech-feed-weekly/internal/config/config.go:26.17,28.4 1 1
tech-feed-weekly/internal/config/config.go:31.3,31.74 1 1
tech-feed-weekly/internal/config/config.go:31.74,33.4 1 1
tech-feed-weekly/internal/config/config.go:36.3,41.17 4 1
tech-feed-weekly/internal/config/config.go:41.17,43.4 1 0
tech-feed-weekly/internal/config/config.go:45.3,46.57 2 1
tech-feed-weekly/internal/config/config.go:46.57,48.4 1 0
tech-feed-weekly/internal/config/config.go:51.3,51.32 1 1
tech-feed-weekly/internal/config/config.go:51.32,53.4 1 1
tech-feed-weekly/internal/config/config.go:55.3,61.13 2 1
tech-feed-weekly/internal/config/config.go:64.2,64.16 1 1
tech-feed-weekly/internal/config/config.go:64.16,66.3 1 1
tech-feed-weekly/internal/config/config.go:68.2,68.23 1 1
tech-feed-weekly/internal/config/config.go:72.57,78.16 3 1
tech-feed-weekly/internal/config/config.go:78.16,80.3 1 0
tech-feed-weekly/internal/config/config.go:82.2,82.70 1 1
tech-feed-weekly/internal/config/config.go:82.70,84.3 1 0
tech-feed-weekly/internal/config/config.go:86.2,86.12 1 1
tech-feed-weekly/internal/config/config.go:90.82,92.39 2 1
tech-feed-weekly/internal/config/config.go:92.39,94.3 1 1
tech-feed-weekly/internal/config/config.go:95.2,95.19 1 1
tech-feed-weekly/internal/feed/fetcher.go:14.80,16.19 2 1
tech-feed-weekly/internal/feed/fetcher.go:16.19,18.3 1 0
tech-feed-weekly/internal/feed/fetcher.go:20.2,24.16 3 1
tech-feed-weekly/internal/feed/fetcher.go:24.16,26.3 1 1
tech-feed-weekly/internal/feed/fetcher.go:27.2,29.38 2 1
tech-feed-weekly/internal/feed/fetcher.go:29.38,31.3 1 1
tech-feed-weekly/internal/feed/fetcher.go:33.2,33.18 1 1
tech-feed-weekly/internal/feed/fetcher.go:33.18,35.3 1 1
tech-feed-weekly/internal/feed/fetcher.go:36.2,36.39 1 1
tech-feed-weekly/internal/feed/fetcher.go:40.50,41.21 1 1
tech-feed-weekly/internal/feed/fetcher.go:42.14,43.65 1 1
tech-feed-weekly/internal/feed/fetcher.go:44.14,45.64 1 1
tech-feed-weekly/internal/feed/fetcher.go:46.15,47.66 1 1
tech-feed-weekly/internal/feed/fetcher.go:48.16,49.47 1 1
tech-feed-weekly/internal/feed/fetcher.go:50.18,51.72 1 1
tech-feed-weekly/internal/feed/fetcher.go:52.18,53.72 1 1
tech-feed-weekly/internal/feed/fetcher.go:54.44,55.24 1 1
tech-feed-weekly/internal/feed/fetcher.go:56.10,57.12 1 1
tech-feed-weekly/internal/feed/fetcher.go:62.39,64.2 1 1
tech-feed-weekly/internal/feed/fetcher.go:67.94,69.64 2 1
tech-feed-weekly/internal/feed/fetcher.go:69.64,71.3 1 1
tech-feed-weekly/internal/feed/fetcher.go:73.2,73.34 1 1
tech-feed-weekly/internal/feed/fetcher.go:73.34,75.3 1 1
tech-feed-weekly/internal/feed/fetcher.go:78.2,79.42 2 1
tech-feed-weekly/internal/feed/fetcher.go:79.42,81.17 2 1
tech-feed-weekly/internal/feed/fetcher.go:81.17,84.4 1 0
tech-feed-weekly/internal/feed/fetcher.go:85.3,86.30 2 1
tech-feed-weekly/internal/feed/fetcher.go:90.2,90.40 1 1
tech-feed-weekly/internal/feed/fetcher.go:90.40,92.3 1 1
tech-feed-weekly/internal/feed/fetcher.go:94.2,99.8 2 1
tech-feed-weekly/internal/feed/fetcher.go:103.95,105.64 2 1
tech-feed-weekly/internal/feed/fetcher.go:105.64,107.3 1 0
tech-feed-weekly/internal/feed/fetcher.go:109.2,109.28 1 1
tech-feed-weekly/internal/feed/fetcher.go:109.28,111.3 1 0
tech-feed-weekly/internal/feed/fetcher.go:114.2,115.37 2 1
tech-feed-weekly/internal/feed/fetcher.go:115.37,117.17 2 1
tech-feed-weekly/internal/feed/fetcher.go:117.17,120.4 1 0
tech-feed-weekly/internal/feed/fetcher.go:121.3,122.35 2 1
tech-feed-weekly/internal/feed/fetcher.go:126.2,126.42 1 1
tech-feed-weekly/internal/feed/fetcher.go:126.42,128.3 1 1
tech-feed-weekly/internal/feed/fetcher.go:130.2,135.8 2 1
tech-feed-weekly/internal/feed/fetcher.go:139.51,155.33 3 1
tech-feed-weekly/internal/feed/fetcher.go:155.33,156.56 1 1
tech-feed-weekly/internal/feed/fetcher.go:156.56,158.4 1 1
tech-feed-weekly/internal/feed/fetcher.go:161.2,161.69 1 1
tech-feed-weekly/internal/feed/processor.go:19.101,24.16 3 1
tech-feed-weekly/internal/feed/processor.go:24.16,27.3 2 1
tech-feed-weekly/internal/feed/processor.go:30.2,30.42 1 1
tech-feed-weekly/internal/feed/processor.go:30.42,33.3 2 1
tech-feed-weekly/internal/feed/processor.go:36.2,36.43 1 1
tech-feed-weekly/internal/feed/processor.go:36.43,37.35 1 1
tech-feed-weekly/internal/feed/processor.go:37.35,40.4 2 1
tech-feed-weekly/internal/feed/processor.go:43.2,50.15 5 1
tech-feed-weekly/internal/feed/processor.go:55.131,60.50 4 1
tech-feed-weekly/internal/feed/processor.go:60.50,63.34 2 1
tech-feed-weekly/internal/feed/processor.go:63.34,68.27 4 1
tech-feed-weekly/internal/feed/processor.go:68.27,71.13 3 1
tech-feed-weekly/internal/feed/processor.go:74.4,74.29 1 1
tech-feed-weekly/internal/feed/processor.go:74.29,76.5 1 1
tech-feed-weekly/internal/feed/processor.go:78.4,78.28 1 1
tech-feed-weekly/internal/feed/processor.go:78.28,80.5 1 1
tech-feed-weekly/internal/feed/processor.go:85.2,85.43 1 1
tech-feed-weekly/internal/feed/processor.go:85.43,86.74 1 1
tech-feed-weekly/internal/feed/processor.go:86.74,89.4 2 0
tech-feed-weekly/internal/feed/processor.go:89.9,91.4 1 1
tech-feed-weekly/internal/feed/processor.go:94.2,94.21 1 1
tech-feed-weekly/internal/feed/processor.go:94.21,98.3 2 1
tech-feed-weekly/internal/feed/processor.go:100.2,100.22 1 1
tech-feed-weekly/internal/storage/storage.go:12.68,15.47 2 1
tech-feed-weekly/internal/storage/storage.go:15.47,17.3 1 0
tech-feed-weekly/internal/storage/storage.go:20.2,20.53 1 1
tech-feed-weekly/internal/storage/storage.go:20.53,23.63 2 1
tech-feed-weekly/internal/storage/storage.go:23.63,25.4 1 0
tech-feed-weekly/internal/storage/storage.go:26.3,26.25 1 1
tech-feed-weekly/internal/storage/storage.go:30.2,31.16 2 1
tech-feed-weekly/internal/storage/storage.go:31.16,33.3 1 0
tech-feed-weekly/internal/storage/storage.go:35.2,36.59 2 1
tech-feed-weekly/internal/storage/storage.go:36.59,38.3 1 1
tech-feed-weekly/internal/storage/storage.go:40.2,40.26 1 1
tech-feed-weekly/internal/storage/storage.go:44.72,46.16 2 1
tech-feed-weekly/internal/storage/storage.go:46.16,48.3 1 0
tech-feed-weekly/internal/storage/storage.go:50.2,50.59 1 1
tech-feed-weekly/internal/storage/storage.go:50.59,52.3 1 1
tech-feed-weekly/internal/storage/storage.go:54.2,54.12 1 1
tech-feed-weekly/internal/storage/storage.go:58.79,60.35 1 1
tech-feed-weekly/internal/storage/storage.go:60.35,61.32 1 1
tech-feed-weekly/internal/storage/storage.go:61.32,63.4 1 1
tech-feed-weekly/internal/storage/storage.go:67.2,68.13 2 1
tech-feed-weekly/cmd/collector/main.go:15.13,21.16 4 0
tech-feed-weekly/cmd/collector/main.go:21.16,23.3 1 0
tech-feed-weekly/cmd/collector/main.go:25.2,26.39 2 0
tech-feed-weekly/cmd/collector/main.go:26.39,28.3 1 0
tech-feed-weekly/cmd/collector/main.go:29.2,34.16 4 0
tech-feed-weekly/cmd/collector/main.go:34.16,36.3 1 0
tech-feed-weekly/cmd/collector/main.go:37.2,42.16 4 0
tech-feed-weekly/cmd/collector/main.go:42.16,45.3 1 0
tech-feed-weekly/cmd/collector/main.go:47.2,47.24 1 0
tech-feed-weekly/cmd/collector/main.go:47.24,50.3 2 0
tech-feed-weekly/cmd/collector/main.go:52.2,56.35 3 0
tech-feed-weekly/cmd/collector/main.go:56.35,57.52 1 0
tech-feed-weekly/cmd/collector/main.go:57.52,60.4 2 0
tech-feed-weekly/cmd/collector/main.go:64.2,64.20 1 0
tech-feed-weekly/cmd/collector/main.go:64.20,66.81 2 0
tech-feed-weekly/cmd/collector/main.go:66.81,68.4 1 0
tech-feed-weekly/cmd/collector/main.go:69.3,69.60 1 0
tech-feed-weekly/cmd/collector/main.go:70.8,72.3 1 0
tech-feed-weekly/cmd/collector/main.go:74.2,74.54 1 0
